<?xml version="1.0" encoding="UTF-8"?>
<testng-results skipped="0" failed="0" total="3" passed="3">
  <reporter-output>
  </reporter-output>
  <suite name="Default suite" duration-ms="78" started-at="2019-07-22T09:58:14Z" finished-at="2019-07-22T09:58:14Z">
    <groups>
    </groups>
    <test name="Default test" duration-ms="78" started-at="2019-07-22T09:58:14Z" finished-at="2019-07-22T09:58:14Z">
      <class name="testng.Test1">
        <test-method status="PASS" signature="beforeMethod()[pri:0, instance:testng.Test1@387c703b]" name="beforeMethod" is-config="true" duration-ms="16" started-at="2019-07-22T15:28:14Z" finished-at="2019-07-22T15:28:14Z">
          <reporter-output>
          </reporter-output>
        </test-method> <!-- beforeMethod -->
        <test-method status="PASS" signature="a()[pri:0, instance:testng.Test1@387c703b]" name="a" duration-ms="16" started-at="2019-07-22T15:28:14Z" finished-at="2019-07-22T15:28:14Z">
          <reporter-output>
          </reporter-output>
        </test-method> <!-- a -->
        <test-method status="PASS" signature="beforeMethod()[pri:0, instance:testng.Test1@387c703b]" name="beforeMethod" is-config="true" duration-ms="0" started-at="2019-07-22T15:28:14Z" finished-at="2019-07-22T15:28:14Z">
          <reporter-output>
          </reporter-output>
        </test-method> <!-- beforeMethod -->
        <test-method status="PASS" signature="c()[pri:0, instance:testng.Test1@387c703b]" name="c" duration-ms="0" started-at="2019-07-22T15:28:14Z" finished-at="2019-07-22T15:28:14Z">
          <reporter-output>
          </reporter-output>
        </test-method> <!-- c -->
        <test-method status="PASS" signature="afterMethod()[pri:0, instance:testng.Test1@387c703b]" name="afterMethod" is-config="true" duration-ms="0" started-at="2019-07-22T15:28:14Z" finished-at="2019-07-22T15:28:14Z">
          <reporter-output>
          </reporter-output>
        </test-method> <!-- afterMethod -->
        <test-method status="PASS" signature="b()[pri:1, instance:testng.Test1@387c703b]" name="b" duration-ms="0" started-at="2019-07-22T15:28:14Z" finished-at="2019-07-22T15:28:14Z">
          <reporter-output>
          </reporter-output>
        </test-method> <!-- b -->
        <test-method status="PASS" signature="afterMethod()[pri:0, instance:testng.Test1@387c703b]" name="afterMethod" is-config="true" duration-ms="0" started-at="2019-07-22T15:28:14Z" finished-at="2019-07-22T15:28:14Z">
          <reporter-output>
          </reporter-output>
        </test-method> <!-- afterMethod -->
        <test-method status="PASS" signature="beforeMethod()[pri:0, instance:testng.Test1@387c703b]" name="beforeMethod" is-config="true" duration-ms="0" started-at="2019-07-22T15:28:14Z" finished-at="2019-07-22T15:28:14Z">
          <reporter-output>
          </reporter-output>
        </test-method> <!-- beforeMethod -->
        <test-method status="PASS" signature="afterMethod()[pri:0, instance:testng.Test1@387c703b]" name="afterMethod" is-config="true" duration-ms="0" started-at="2019-07-22T15:28:14Z" finished-at="2019-07-22T15:28:14Z">
          <reporter-output>
          </reporter-output>
        </test-method> <!-- afterMethod -->
      </class> <!-- testng.Test1 -->
    </test> <!-- Default test -->
  </suite> <!-- Default suite -->
</testng-results>
